test_fit_manager_migration (test_suite.TestPureLogic.test_fit_manager_migration)
Verify FitManager correctly migrates legacy flat files. ... ok
test_preset_manager_io (test_suite.TestPureLogic.test_preset_manager_io)
Verify Presets can be saved and loaded. ... ok
test_auto_sort_after_creation (test_suite.TestFusionIntegration.test_auto_sort_after_creation)
Verify that auto-sort triggers automatically after creating a new parameter via batch_update. ... ok
test_auto_sort_logic (test_suite.TestFusionIntegration.test_auto_sort_logic)
Verify that _auto_sort_params in the handler updates comments. ... FAIL
test_dependency_crawler (test_suite.TestFusionIntegration.test_dependency_crawler)
Verify ZenCrawler correctly identifies what body a parameter drives. ... ok
test_units_handling (test_suite.TestFusionIntegration.test_units_handling)
Verify that creating parameters respects units (mm vs in). ... ok

======================================================================
FAIL: test_auto_sort_logic (test_suite.TestFusionIntegration.test_auto_sort_logic)
Verify that _auto_sort_params in the handler updates comments.
----------------------------------------------------------------------
Traceback (most recent call last):
  File "C:\Users\SKTech\AppData\Roaming\Autodesk\Autodesk Fusion 360\API\Scripts\ZenParams\test_suite.py", line 219, in test_auto_sort_logic
    self.assertTrue("[SortingBody]" in param.comment, f"Expected '[SortingBody]' in comment, but got: '{param.comment}'")
AssertionError: False is not true : Expected '[SortingBody]' in comment, but got: '[(Unsaved)/SortingBody] Old Comment'

----------------------------------------------------------------------
Ran 6 tests in 1.911s

FAILED (failures=1)
